<?xml version="1.0" encoding="UTF-8"?>
<!-- Generated by org.testng.reporters.JUnitReportReporter -->
<testsuite skipped="0" hostname="rohans-MacBook-Air.local" name="TestManager.DemoTests" tests="5" failures="0" timestamp="2020-07-07T18:48:22 IST" time="7.116" errors="0">
  <testcase name="getLocation" time="2.109" classname="TestManager.DemoTests"/>
  <system-out/>
  <testcase name="getCusisines" time="2.733" classname="TestManager.DemoTests"/>
  <system-out/>
  <testcase name="getEstablishment" time="0.322" classname="TestManager.DemoTests"/>
  <system-out/>
  <testcase name="getCategory" time="0.320" classname="TestManager.DemoTests"/>
  <system-out/>
  <testcase name="recommendRestaurant" time="1.632" classname="TestManager.DemoTests"/>
  <system-out/>
</testsuite> <!-- TestManager.DemoTests -->
